<?xml version="1.0" encoding="UTF-8"?>
<testsuite name="sampleTest" tests="1" skipped="0" failures="0" errors="0" timestamp="2022-10-03T10:20:19" hostname="TestVagrants-MacBook-Pro.local" time="2.174">
  <properties/>
  <testcase name="shouldCreateUser" classname="sampleTest" time="2.174"/>
  <system-out><![CDATA[{
    "id": 3679,
    "name": "kishan Desai",
    "email": "kishan@rao.info",
    "gender": "male",
    "status": "active"
}
]]></system-out>
  <system-err><![CDATA[]]></system-err>
</testsuite>
